[2025-04-27 18:25:36] [INFO] Starting monitoring with interval: */1 * * * *
[2025-04-27 18:25:37] [INFO] Checked https://google.com - OK
[2025-04-27 18:25:47] [INFO] Notification sent for https://google.com
[2025-04-27 18:25:47] [INFO] Checked https://github.com - OK
[2025-04-27 18:25:57] [INFO] Notification sent for https://github.com
[2025-04-27 18:26:00] [INFO] Running scheduled check...
[2025-04-27 18:26:00] [INFO] Checked https://google.com - OK
[2025-04-27 18:26:01] [INFO] Checked https://github.com - OK
[2025-04-27 18:31:15] [INFO] Starting monitoring with interval: */1 * * * *
[2025-04-27 18:31:16] [INFO] Checked https://google.com - OK
[2025-04-27 18:31:26] [INFO] Notification sent for https://google.com
[2025-04-27 18:31:26] [INFO] Checked https://github.com - OK
[2025-04-27 18:31:36] [INFO] Notification sent for https://github.com
[2025-04-27 18:32:00] [INFO] Running scheduled check...
[2025-04-27 18:32:00] [INFO] Checked https://google.com - OK
[2025-04-27 18:32:00] [INFO] Checked https://github.com - OK
[2025-04-27 18:32:37] [INFO] Checked https://google.com - OK
[2025-04-27 18:32:37] [INFO] Notification sent for https://google.com
[2025-04-27 18:32:37] [INFO] Checked https://github.com - OK
[2025-04-27 18:32:47] [INFO] Notification sent for https://github.com
[2025-04-27 18:33:00] [INFO] Running scheduled check...
[2025-04-27 18:33:00] [INFO] Checked https://google.com - OK
[2025-04-27 18:33:00] [INFO] Checked https://github.com - OK
[2025-04-27 18:33:02] [INFO] Checked https://google.com - OK
[2025-04-27 18:33:02] [INFO] Checked https://github.com - OK
[2025-04-27 18:33:17] [INFO] Checked https://google.com - OK
[2025-04-27 18:33:17] [INFO] Checked https://github.com - OK
